<?xml version="1.0" encoding="UTF-8"?>
<coverage generated="1588762049162" clover="3.2.0">
  <project timestamp="1588762049162" name="All files">
    <metrics statements="16" coveredstatements="16" conditionals="11" coveredconditionals="11" methods="5" coveredmethods="4" elements="32" coveredelements="31" complexity="0" loc="16" ncloc="16" packages="2" files="2" classes="2"/>
    <package name="backend-project-lvl2">
      <metrics statements="11" coveredstatements="11" conditionals="9" coveredconditionals="9" methods="3" coveredmethods="3"/>
      <file name="index.js" path="/home/codemaker/Документы/projects/backend-project-lvl2/index.js">
        <metrics statements="11" coveredstatements="11" conditionals="9" coveredconditionals="9" methods="3" coveredmethods="3"/>
        <line num="4" count="1" type="stmt"/>
        <line num="5" count="1" type="stmt"/>
        <line num="6" count="1" type="stmt"/>
        <line num="7" count="1" type="stmt"/>
        <line num="10" count="7" type="cond" truecount="5" falsecount="0"/>
        <line num="11" count="2" type="stmt"/>
        <line num="13" count="5" type="cond" truecount="4" falsecount="0"/>
        <line num="14" count="3" type="stmt"/>
        <line num="16" count="2" type="stmt"/>
        <line num="18" count="7" type="stmt"/>
        <line num="20" count="1" type="stmt"/>
      </file>
    </package>
    <package name="backend-project-lvl2.src">
      <metrics statements="5" coveredstatements="5" conditionals="2" coveredconditionals="2" methods="2" coveredmethods="1"/>
      <file name="utils.js" path="/home/codemaker/Документы/projects/backend-project-lvl2/src/utils.js">
        <metrics statements="5" coveredstatements="5" conditionals="2" coveredconditionals="2" methods="2" coveredmethods="1"/>
        <line num="3" count="2" type="stmt"/>
        <line num="4" count="4" type="cond" truecount="2" falsecount="0"/>
        <line num="5" count="3" type="stmt"/>
        <line num="6" count="3" type="stmt"/>
        <line num="8" count="3" type="stmt"/>
      </file>
    </package>
  </project>
</coverage>
