<?xml version="1.0" encoding="UTF-8"?>
<coverage generated="1588623725795" clover="3.2.0">
  <project timestamp="1588623725795" name="All files">
    <metrics statements="11" coveredstatements="11" conditionals="9" coveredconditionals="9" methods="3" coveredmethods="3" elements="23" coveredelements="23" complexity="0" loc="11" ncloc="11" packages="1" files="1" classes="1"/>
    <file name="index.js" path="/home/codemaker/Документы/projects/backend-project-lvl2/src/index.js">
      <metrics statements="11" coveredstatements="11" conditionals="9" coveredconditionals="9" methods="3" coveredmethods="3"/>
      <line num="3" count="1" type="stmt"/>
      <line num="4" count="1" type="stmt"/>
      <line num="5" count="1" type="stmt"/>
      <line num="6" count="1" type="stmt"/>
      <line num="9" count="7" type="cond" truecount="5" falsecount="0"/>
      <line num="10" count="2" type="stmt"/>
      <line num="12" count="5" type="cond" truecount="4" falsecount="0"/>
      <line num="13" count="3" type="stmt"/>
      <line num="15" count="2" type="stmt"/>
      <line num="17" count="7" type="stmt"/>
      <line num="19" count="1" type="stmt"/>
    </file>
  </project>
</coverage>
