{"/home/codemaker/Документы/projects/backend-project-lvl2/index.js": {"path":"/home/codemaker/Документы/projects/backend-project-lvl2/index.js","statementMap":{"0":{"start":{"line":4,"column":16},"end":{"line":21,"column":1}},"1":{"start":{"line":5,"column":17},"end":{"line":5,"column":47}},"2":{"start":{"line":6,"column":16},"end":{"line":6,"column":46}},"3":{"start":{"line":7,"column":20},"end":{"line":18,"column":62}},"4":{"start":{"line":10,"column":6},"end":{"line":12,"column":7}},"5":{"start":{"line":11,"column":8},"end":{"line":11,"column":36}},"6":{"start":{"line":13,"column":6},"end":{"line":15,"column":7}},"7":{"start":{"line":14,"column":8},"end":{"line":14,"column":36}},"8":{"start":{"line":16,"column":6},"end":{"line":16,"column":34}},"9":{"start":{"line":18,"column":34},"end":{"line":18,"column":61}},"10":{"start":{"line":20,"column":2},"end":{"line":20,"column":45}}},"fnMap":{"0":{"name":"(anonymous_0)","decl":{"start":{"line":4,"column":16},"end":{"line":4,"column":17}},"loc":{"start":{"line":4,"column":46},"end":{"line":21,"column":1}},"line":4},"1":{"name":"(anonymous_1)","decl":{"start":{"line":9,"column":9},"end":{"line":9,"column":10}},"loc":{"start":{"line":9,"column":27},"end":{"line":17,"column":5}},"line":9},"2":{"name":"(anonymous_2)","decl":{"start":{"line":18,"column":12},"end":{"line":18,"column":13}},"loc":{"start":{"line":18,"column":34},"end":{"line":18,"column":61}},"line":18}},"branchMap":{"0":{"loc":{"start":{"line":10,"column":6},"end":{"line":12,"column":7}},"type":"if","locations":[{"start":{"line":10,"column":6},"end":{"line":12,"column":7}},{"start":{"line":10,"column":6},"end":{"line":12,"column":7}}],"line":10},"1":{"loc":{"start":{"line":10,"column":10},"end":{"line":10,"column":79}},"type":"binary-expr","locations":[{"start":{"line":10,"column":10},"end":{"line":10,"column":28}},{"start":{"line":10,"column":32},"end":{"line":10,"column":49}},{"start":{"line":10,"column":53},"end":{"line":10,"column":79}}],"line":10},"2":{"loc":{"start":{"line":13,"column":6},"end":{"line":15,"column":7}},"type":"if","locations":[{"start":{"line":13,"column":6},"end":{"line":15,"column":7}},{"start":{"line":13,"column":6},"end":{"line":15,"column":7}}],"line":13},"3":{"loc":{"start":{"line":13,"column":10},"end":{"line":13,"column":53}},"type":"binary-expr","locations":[{"start":{"line":13,"column":10},"end":{"line":13,"column":28}},{"start":{"line":13,"column":32},"end":{"line":13,"column":53}}],"line":13}},"s":{"0":1,"1":1,"2":1,"3":1,"4":7,"5":2,"6":5,"7":3,"8":2,"9":7,"10":1},"f":{"0":1,"1":7,"2":7},"b":{"0":[2,5],"1":[7,6,4],"2":[3,2],"3":[5,4]},"_coverageSchema":"1a1c01bbd47fc00a2c39e90264f33305004495a9","hash":"6da9e591528d4c8881ff9c2eea1af011043bf182"}
,"/home/codemaker/Документы/projects/backend-project-lvl2/src/utils.js": {"path":"/home/codemaker/Документы/projects/backend-project-lvl2/src/utils.js","statementMap":{"0":{"start":{"line":3,"column":26},"end":{"line":9,"column":1}},"1":{"start":{"line":4,"column":2},"end":{"line":4,"column":35}},"2":{"start":{"line":4,"column":25},"end":{"line":4,"column":35}},"3":{"start":{"line":5,"column":19},"end":{"line":5,"column":73}},"4":{"start":{"line":5,"column":57},"end":{"line":5,"column":61}},"5":{"start":{"line":6,"column":16},"end":{"line":6,"column":36}},"6":{"start":{"line":8,"column":2},"end":{"line":8,"column":15}}},"fnMap":{"0":{"name":"(anonymous_0)","decl":{"start":{"line":3,"column":26},"end":{"line":3,"column":27}},"loc":{"start":{"line":3,"column":42},"end":{"line":9,"column":1}},"line":3},"1":{"name":"(anonymous_1)","decl":{"start":{"line":5,"column":47},"end":{"line":5,"column":48}},"loc":{"start":{"line":5,"column":57},"end":{"line":5,"column":61}},"line":5}},"branchMap":{"0":{"loc":{"start":{"line":4,"column":2},"end":{"line":4,"column":35}},"type":"if","locations":[{"start":{"line":4,"column":2},"end":{"line":4,"column":35}},{"start":{"line":4,"column":2},"end":{"line":4,"column":35}}],"line":4}},"s":{"0":2,"1":4,"2":1,"3":3,"4":0,"5":3,"6":3},"f":{"0":4,"1":0},"b":{"0":[1,3]},"_coverageSchema":"1a1c01bbd47fc00a2c39e90264f33305004495a9","hash":"01d8ebef925349f7786fb080062629d5f2809baa"}
}
