TN:
SF:index.js
FN:4,(anonymous_0)
FN:9,(anonymous_1)
FN:18,(anonymous_2)
FNF:3
FNH:3
FNDA:1,(anonymous_0)
FNDA:7,(anonymous_1)
FNDA:7,(anonymous_2)
DA:4,1
DA:5,1
DA:6,1
DA:7,1
DA:10,7
DA:11,2
DA:13,5
DA:14,3
DA:16,2
DA:18,7
DA:20,1
LF:11
LH:11
BRDA:10,0,0,2
BRDA:10,0,1,5
BRDA:10,1,0,7
BRDA:10,1,1,6
BRDA:10,1,2,4
BRDA:13,2,0,3
BRDA:13,2,1,2
BRDA:13,3,0,5
BRDA:13,3,1,4
BRF:9
BRH:9
end_of_record
TN:
SF:src/utils.js
FN:3,(anonymous_0)
FN:5,(anonymous_1)
FNF:2
FNH:1
FNDA:4,(anonymous_0)
FNDA:0,(anonymous_1)
DA:3,2
DA:4,4
DA:5,3
DA:6,3
DA:8,3
LF:5
LH:5
BRDA:4,0,0,1
BRDA:4,0,1,3
BRF:2
BRH:2
end_of_record
